<?xml version="1.0" encoding="UTF-8"?>
<robot generator="Robot 5.0 (Python 3.11.1 on win32)" generated="20230206 17:58:59.546" rpa="false" schemaversion="3">
<suite id="s1" name="Desafio Api Test" source="c:\Users\CAIO\Desktop\Projeto API\tests\desafio_api_test.robot">
<test id="s1-t1" name="Cenário 01: Realizar tranferencia interna" line="11">
<status status="FAIL" starttime="20230206 17:58:59.949" endtime="20230206 17:58:59.950">Test contains no keywords.</status>
</test>
<status status="FAIL" starttime="20230206 17:58:59.549" endtime="20230206 17:58:59.952"/>
</suite>
<statistics>
<total>
<stat pass="0" fail="1" skip="0">All Tests</stat>
</total>
<tag>
</tag>
<suite>
<stat pass="0" fail="1" skip="0" id="s1" name="Desafio Api Test">Desafio Api Test</stat>
</suite>
</statistics>
<errors>
</errors>
</robot>
